
> BalatroOnline@0.0.1 start:dev
> nest start --watch

[2J[3J[H[[90m8:30:58 PM[0m] Starting compilation in watch mode...

[96msrc/challenge/challenge.controller.ts[0m:[93m21[0m:[93m34[0m - [91merror[0m[90m TS7006: [0mParameter 'req' implicitly has an 'any' type.

[7m21[0m     async getUserChallengeStatus(@Request() req): Promise<ChallengeStatusResponse> {
[7m  [0m [91m                                 ~~~~~~~~~~~~~~[0m

[[90m8:31:00 PM[0m] Found 1 error. Watching for file changes.

[2J[3J[H[[90m8:31:09 PM[0m] File change detected. Starting incremental compilation...

[[90m8:31:09 PM[0m] Found 0 errors. Watching for file changes.

[32m[Nest] 25635  - [39m09/19/2025, 8:31:10 PM [32m    LOG[39m [38;5;3m[Bootstrap] [39m[32mStarting Balatro Online Backend...[39m
[32m[Nest] 25635  - [39m09/19/2025, 8:31:10 PM [32m    LOG[39m [38;5;3m[NestFactory] [39m[32mStarting Nest application...[39m[38;5;3m +2ms[39m
[32m[Nest] 25635  - [39m09/19/2025, 8:31:10 PM [32m    LOG[39m [38;5;3m[InstanceLoader] [39m[32mPrismaModule dependencies initialized[39m[38;5;3m +13ms[39m
[32m[Nest] 25635  - [39m09/19/2025, 8:31:10 PM [32m    LOG[39m [38;5;3m[InstanceLoader] [39m[32mRedisModule dependencies initialized[39m[38;5;3m +0ms[39m
[32m[Nest] 25635  - [39m09/19/2025, 8:31:10 PM [32m    LOG[39m [38;5;3m[InstanceLoader] [39m[32mPassportModule dependencies initialized[39m[38;5;3m +0ms[39m
[32m[Nest] 25635  - [39m09/19/2025, 8:31:10 PM [32m    LOG[39m [38;5;3m[InstanceLoader] [39m[32mJwtModule dependencies initialized[39m[38;5;3m +2ms[39m
[32m[Nest] 25635  - [39m09/19/2025, 8:31:10 PM [32m    LOG[39m [38;5;3m[InstanceLoader] [39m[32mStressTestModule dependencies initialized[39m[38;5;3m +0ms[39m
[32m[Nest] 25635  - [39m09/19/2025, 8:31:10 PM [32m    LOG[39m [38;5;3m[InstanceLoader] [39m[32mCommonModule dependencies initialized[39m[38;5;3m +0ms[39m
[32m[Nest] 25635  - [39m09/19/2025, 8:31:10 PM [32m    LOG[39m [38;5;3m[InstanceLoader] [39m[32mChannelModule dependencies initialized[39m[38;5;3m +1ms[39m
[32m[Nest] 25635  - [39m09/19/2025, 8:31:10 PM [32m    LOG[39m [38;5;3m[InstanceLoader] [39m[32mGameHistoryModule dependencies initialized[39m[38;5;3m +0ms[39m
[32m[Nest] 25635  - [39m09/19/2025, 8:31:10 PM [32m    LOG[39m [38;5;3m[InstanceLoader] [39m[32mAdminModule dependencies initialized[39m[38;5;3m +0ms[39m
[32m[Nest] 25635  - [39m09/19/2025, 8:31:10 PM [32m    LOG[39m [38;5;3m[InstanceLoader] [39m[32mAuthModule dependencies initialized[39m[38;5;3m +1ms[39m
[32m[Nest] 25635  - [39m09/19/2025, 8:31:10 PM [32m    LOG[39m [38;5;3m[InstanceLoader] [39m[32mAppModule dependencies initialized[39m[38;5;3m +0ms[39m
[32m[Nest] 25635  - [39m09/19/2025, 8:31:10 PM [32m    LOG[39m [38;5;3m[InstanceLoader] [39m[32mUserModule dependencies initialized[39m[38;5;3m +0ms[39m
[32m[Nest] 25635  - [39m09/19/2025, 8:31:10 PM [32m    LOG[39m [38;5;3m[InstanceLoader] [39m[32mChallengeModule dependencies initialized[39m[38;5;3m +0ms[39m
[32m[Nest] 25635  - [39m09/19/2025, 8:31:10 PM [32m    LOG[39m [38;5;3m[InstanceLoader] [39m[32mLobbyModule dependencies initialized[39m[38;5;3m +0ms[39m
[32m[Nest] 25635  - [39m09/19/2025, 8:31:10 PM [32m    LOG[39m [38;5;3m[InstanceLoader] [39m[32mDevToolsModule dependencies initialized[39m[38;5;3m +0ms[39m
[32m[Nest] 25635  - [39m09/19/2025, 8:31:10 PM [32m    LOG[39m [38;5;3m[InstanceLoader] [39m[32mRoomModule dependencies initialized[39m[38;5;3m +0ms[39m
[32m[Nest] 25635  - [39m09/19/2025, 8:31:10 PM [32m    LOG[39m [38;5;3m[InstanceLoader] [39m[32mIAPModule dependencies initialized[39m[38;5;3m +0ms[39m
[32m[Nest] 25635  - [39m09/19/2025, 8:31:10 PM [32m    LOG[39m [38;5;3m[RoomGateway] [39m[32mWebSocket server initialized[39m
[32m[Nest] 25635  - [39m09/19/2025, 8:31:10 PM [32m    LOG[39m [38;5;3m[WebSocketsController] [39m[32mRoomGateway subscribed to the "JoinRoomRequest" message[39m[38;5;3m +0ms[39m
[32m[Nest] 25635  - [39m09/19/2025, 8:31:10 PM [32m    LOG[39m [38;5;3m[WebSocketsController] [39m[32mRoomGateway subscribed to the "LeaveRoomRequest" message[39m[38;5;3m +0ms[39m
[32m[Nest] 25635  - [39m09/19/2025, 8:31:10 PM [32m    LOG[39m [38;5;3m[WebSocketsController] [39m[32mRoomGateway subscribed to the "KickOutRequest" message[39m[38;5;3m +0ms[39m
[32m[Nest] 25635  - [39m09/19/2025, 8:31:10 PM [32m    LOG[39m [38;5;3m[WebSocketsController] [39m[32mRoomGateway subscribed to the "StartGameRequest" message[39m[38;5;3m +0ms[39m
[32m[Nest] 25635  - [39m09/19/2025, 8:31:10 PM [32m    LOG[39m [38;5;3m[WebSocketsController] [39m[32mRoomGateway subscribed to the "DiscardRequest" message[39m[38;5;3m +0ms[39m
[32m[Nest] 25635  - [39m09/19/2025, 8:31:10 PM [32m    LOG[39m [38;5;3m[WebSocketsController] [39m[32mRoomGateway subscribed to the "HandPlayReadyRequest" message[39m[38;5;3m +0ms[39m
[32m[Nest] 25635  - [39m09/19/2025, 8:31:10 PM [32m    LOG[39m [38;5;3m[WebSocketsController] [39m[32mRoomGateway subscribed to the "NextRoundReadyRequest" message[39m[38;5;3m +0ms[39m
[32m[Nest] 25635  - [39m09/19/2025, 8:31:10 PM [32m    LOG[39m [38;5;3m[WebSocketsController] [39m[32mRoomGateway subscribed to the "BuyCardRequest" message[39m[38;5;3m +0ms[39m
[32m[Nest] 25635  - [39m09/19/2025, 8:31:10 PM [32m    LOG[39m [38;5;3m[WebSocketsController] [39m[32mRoomGateway subscribed to the "SellCardRequest" message[39m[38;5;3m +0ms[39m
[32m[Nest] 25635  - [39m09/19/2025, 8:31:10 PM [32m    LOG[39m [38;5;3m[WebSocketsController] [39m[32mRoomGateway subscribed to the "ReRollShopRequest" message[39m[38;5;3m +0ms[39m
[32m[Nest] 25635  - [39m09/19/2025, 8:31:10 PM [32m    LOG[39m [38;5;3m[WebSocketsController] [39m[32mRoomGateway subscribed to the "ReorderJokersRequest" message[39m[38;5;3m +0ms[39m
[32m[Nest] 25635  - [39m09/19/2025, 8:31:10 PM [32m    LOG[39m [38;5;3m[WebSocketsController] [39m[32mRoomGateway subscribed to the "BettingRequest" message[39m[38;5;3m +0ms[39m
[32m[Nest] 25635  - [39m09/19/2025, 8:31:10 PM [32m    LOG[39m [38;5;3m[WebSocketsController] [39m[32mRoomGateway subscribed to the "UseSpecialCardRequest" message[39m[38;5;3m +0ms[39m
[32m[Nest] 25635  - [39m09/19/2025, 8:31:10 PM [32m    LOG[39m [38;5;3m[WebSocketsController] [39m[32mRoomGateway subscribed to the "LoginRequest" message[39m[38;5;3m +0ms[39m
[32m[Nest] 25635  - [39m09/19/2025, 8:31:10 PM [32m    LOG[39m [38;5;3m[WebSocketsController] [39m[32mStressTestGateway subscribed to the "StressTestRequest" message[39m[38;5;3m +1ms[39m
[32m[Nest] 25635  - [39m09/19/2025, 8:31:10 PM [32m    LOG[39m [38;5;3m[RoutesResolver] [39m[32mAppController {/}:[39m[38;5;3m +0ms[39m
[32m[Nest] 25635  - [39m09/19/2025, 8:31:10 PM [32m    LOG[39m [38;5;3m[RouterExplorer] [39m[32mMapped {/, GET} route[39m[38;5;3m +1ms[39m
[32m[Nest] 25635  - [39m09/19/2025, 8:31:10 PM [32m    LOG[39m [38;5;3m[RouterExplorer] [39m[32mMapped {/health, GET} route[39m[38;5;3m +0ms[39m
[32m[Nest] 25635  - [39m09/19/2025, 8:31:10 PM [32m    LOG[39m [38;5;3m[RoutesResolver] [39m[32mUserController {/users}:[39m[38;5;3m +0ms[39m
[32m[Nest] 25635  - [39m09/19/2025, 8:31:10 PM [32m    LOG[39m [38;5;3m[RouterExplorer] [39m[32mMapped {/users, GET} route[39m[38;5;3m +1ms[39m
[32m[Nest] 25635  - [39m09/19/2025, 8:31:10 PM [32m    LOG[39m [38;5;3m[RouterExplorer] [39m[32mMapped {/users/piggybank, GET} route[39m[38;5;3m +0ms[39m
[32m[Nest] 25635  - [39m09/19/2025, 8:31:10 PM [32m    LOG[39m [38;5;3m[RouterExplorer] [39m[32mMapped {/users/piggybank/claim, POST} route[39m[38;5;3m +0ms[39m
[32m[Nest] 25635  - [39m09/19/2025, 8:31:10 PM [32m    LOG[39m [38;5;3m[RoutesResolver] [39m[32mAuthController {/auth}:[39m[38;5;3m +0ms[39m
[32m[Nest] 25635  - [39m09/19/2025, 8:31:10 PM [32m    LOG[39m [38;5;3m[RouterExplorer] [39m[32mMapped {/auth/login, POST} route[39m[38;5;3m +0ms[39m
[32m[Nest] 25635  - [39m09/19/2025, 8:31:10 PM [32m    LOG[39m [38;5;3m[RoutesResolver] [39m[32mChannelController {/channels}:[39m[38;5;3m +0ms[39m
[32m[Nest] 25635  - [39m09/19/2025, 8:31:10 PM [32m    LOG[39m [38;5;3m[RouterExplorer] [39m[32mMapped {/channels, GET} route[39m[38;5;3m +0ms[39m
[32m[Nest] 25635  - [39m09/19/2025, 8:31:10 PM [32m    LOG[39m [38;5;3m[RouterExplorer] [39m[32mMapped {/channels, POST} route[39m[38;5;3m +0ms[39m
[32m[Nest] 25635  - [39m09/19/2025, 8:31:10 PM [32m    LOG[39m [38;5;3m[RoutesResolver] [39m[32mRoomController {/rooms}:[39m[38;5;3m +0ms[39m
[32m[Nest] 25635  - [39m09/19/2025, 8:31:10 PM [32m    LOG[39m [38;5;3m[RouterExplorer] [39m[32mMapped {/rooms, GET} route[39m[38;5;3m +1ms[39m
[32m[Nest] 25635  - [39m09/19/2025, 8:31:10 PM [32m    LOG[39m [38;5;3m[RouterExplorer] [39m[32mMapped {/rooms/create, POST} route[39m[38;5;3m +0ms[39m
[32m[Nest] 25635  - [39m09/19/2025, 8:31:10 PM [32m    LOG[39m [38;5;3m[RouterExplorer] [39m[32mMapped {/rooms/redis, GET} route[39m[38;5;3m +0ms[39m
[32m[Nest] 25635  - [39m09/19/2025, 8:31:10 PM [32m    LOG[39m [38;5;3m[RouterExplorer] [39m[32mMapped {/rooms/config, GET} route[39m[38;5;3m +0ms[39m
[32m[Nest] 25635  - [39m09/19/2025, 8:31:10 PM [32m    LOG[39m [38;5;3m[RouterExplorer] [39m[32mMapped {/rooms/:roomId, DELETE} route[39m[38;5;3m +0ms[39m
[32m[Nest] 25635  - [39m09/19/2025, 8:31:10 PM [32m    LOG[39m [38;5;3m[RouterExplorer] [39m[32mMapped {/rooms/:roomId/test-joker, POST} route[39m[38;5;3m +0ms[39m
[32m[Nest] 25635  - [39m09/19/2025, 8:31:10 PM [32m    LOG[39m [38;5;3m[RoutesResolver] [39m[32mDevToolsController {/dev-tools}:[39m[38;5;3m +0ms[39m
[32m[Nest] 25635  - [39m09/19/2025, 8:31:10 PM [32m    LOG[39m [38;5;3m[RouterExplorer] [39m[32mMapped {/dev-tools, GET} route[39m[38;5;3m +0ms[39m
[32m[Nest] 25635  - [39m09/19/2025, 8:31:10 PM [32m    LOG[39m [38;5;3m[RouterExplorer] [39m[32mMapped {/dev-tools/cards/api, GET} route[39m[38;5;3m +0ms[39m
[32m[Nest] 25635  - [39m09/19/2025, 8:31:10 PM [32m    LOG[39m [38;5;3m[RouterExplorer] [39m[32mMapped {/dev-tools/users, GET} route[39m[38;5;3m +0ms[39m
[32m[Nest] 25635  - [39m09/19/2025, 8:31:10 PM [32m    LOG[39m [38;5;3m[RouterExplorer] [39m[32mMapped {/dev-tools/recharge-chips, POST} route[39m[38;5;3m +1ms[39m
[32m[Nest] 25635  - [39m09/19/2025, 8:31:10 PM [32m    LOG[39m [38;5;3m[RouterExplorer] [39m[32mMapped {/dev-tools/cards/api/:cardId, PUT} route[39m[38;5;3m +0ms[39m
[32m[Nest] 25635  - [39m09/19/2025, 8:31:10 PM [32m    LOG[39m [38;5;3m[RouterExplorer] [39m[32mMapped {/dev-tools/game-settings, GET} route[39m[38;5;3m +0ms[39m
[32m[Nest] 25635  - [39m09/19/2025, 8:31:10 PM [32m    LOG[39m [38;5;3m[RouterExplorer] [39m[32mMapped {/dev-tools/game-settings/:id, GET} route[39m[38;5;3m +0ms[39m
[32m[Nest] 25635  - [39m09/19/2025, 8:31:10 PM [32m    LOG[39m [38;5;3m[RouterExplorer] [39m[32mMapped {/dev-tools/game-settings, POST} route[39m[38;5;3m +0ms[39m
[32m[Nest] 25635  - [39m09/19/2025, 8:31:10 PM [32m    LOG[39m [38;5;3m[RouterExplorer] [39m[32mMapped {/dev-tools/game-settings/:id, PUT} route[39m[38;5;3m +0ms[39m
[32m[Nest] 25635  - [39m09/19/2025, 8:31:10 PM [32m    LOG[39m [38;5;3m[RouterExplorer] [39m[32mMapped {/dev-tools/game-settings/:id, DELETE} route[39m[38;5;3m +0ms[39m
[32m[Nest] 25635  - [39m09/19/2025, 8:31:10 PM [32m    LOG[39m [38;5;3m[RouterExplorer] [39m[32mMapped {/dev-tools/game-settings/client/all, GET} route[39m[38;5;3m +0ms[39m
[32m[Nest] 25635  - [39m09/19/2025, 8:31:10 PM [32m    LOG[39m [38;5;3m[RouterExplorer] [39m[32mMapped {/dev-tools/chip-settings, GET} route[39m[38;5;3m +0ms[39m
[32m[Nest] 25635  - [39m09/19/2025, 8:31:10 PM [32m    LOG[39m [38;5;3m[RouterExplorer] [39m[32mMapped {/dev-tools/chip-settings/:id, GET} route[39m[38;5;3m +0ms[39m
[32m[Nest] 25635  - [39m09/19/2025, 8:31:10 PM [32m    LOG[39m [38;5;3m[RouterExplorer] [39m[32mMapped {/dev-tools/chip-settings, POST} route[39m[38;5;3m +0ms[39m
[32m[Nest] 25635  - [39m09/19/2025, 8:31:10 PM [32m    LOG[39m [38;5;3m[RouterExplorer] [39m[32mMapped {/dev-tools/chip-settings/:id, PUT} route[39m[38;5;3m +0ms[39m
[32m[Nest] 25635  - [39m09/19/2025, 8:31:10 PM [32m    LOG[39m [38;5;3m[RouterExplorer] [39m[32mMapped {/dev-tools/chip-settings/:id, DELETE} route[39m[38;5;3m +0ms[39m
[32m[Nest] 25635  - [39m09/19/2025, 8:31:10 PM [32m    LOG[39m [38;5;3m[RouterExplorer] [39m[32mMapped {/dev-tools/feedback, GET} route[39m[38;5;3m +0ms[39m
[32m[Nest] 25635  - [39m09/19/2025, 8:31:10 PM [32m    LOG[39m [38;5;3m[RouterExplorer] [39m[32mMapped {/dev-tools/feedback, POST} route[39m[38;5;3m +1ms[39m
[32m[Nest] 25635  - [39m09/19/2025, 8:31:10 PM [32m    LOG[39m [38;5;3m[RouterExplorer] [39m[32mMapped {/dev-tools/feedback/:id, PUT} route[39m[38;5;3m +0ms[39m
[32m[Nest] 25635  - [39m09/19/2025, 8:31:10 PM [32m    LOG[39m [38;5;3m[RouterExplorer] [39m[32mMapped {/dev-tools/feedback/:id, DELETE} route[39m[38;5;3m +0ms[39m
[32m[Nest] 25635  - [39m09/19/2025, 8:31:10 PM [32m    LOG[39m [38;5;3m[RouterExplorer] [39m[32mMapped {/dev-tools/special-cards/joker-csv, POST} route[39m[38;5;3m +0ms[39m
[32m[Nest] 25635  - [39m09/19/2025, 8:31:10 PM [32m    LOG[39m [38;5;3m[RoutesResolver] [39m[32mDashboardController {/dev-tools}:[39m[38;5;3m +0ms[39m
[32m[Nest] 25635  - [39m09/19/2025, 8:31:10 PM [32m    LOG[39m [38;5;3m[RouterExplorer] [39m[32mMapped {/dev-tools/dashboard, GET} route[39m[38;5;3m +0ms[39m
[32m[Nest] 25635  - [39m09/19/2025, 8:31:10 PM [32m    LOG[39m [38;5;3m[RouterExplorer] [39m[32mMapped {/dev-tools/apk/upload, POST} route[39m[38;5;3m +0ms[39m
[32m[Nest] 25635  - [39m09/19/2025, 8:31:10 PM [32m    LOG[39m [38;5;3m[RouterExplorer] [39m[32mMapped {/dev-tools/apk/download/:fileName, GET} route[39m[38;5;3m +0ms[39m
[32m[Nest] 25635  - [39m09/19/2025, 8:31:10 PM [32m    LOG[39m [38;5;3m[RouterExplorer] [39m[32mMapped {/dev-tools/apk/list-files, GET} route[39m[38;5;3m +0ms[39m
[32m[Nest] 25635  - [39m09/19/2025, 8:31:10 PM [32m    LOG[39m [38;5;3m[RoutesResolver] [39m[32mCardsController {/dev-tools}:[39m[38;5;3m +0ms[39m
[32m[Nest] 25635  - [39m09/19/2025, 8:31:10 PM [32m    LOG[39m [38;5;3m[RouterExplorer] [39m[32mMapped {/dev-tools/cards, GET} route[39m[38;5;3m +0ms[39m
[32m[Nest] 25635  - [39m09/19/2025, 8:31:10 PM [32m    LOG[39m [38;5;3m[RoutesResolver] [39m[32mSettingsController {/dev-tools}:[39m[38;5;3m +0ms[39m
[32m[Nest] 25635  - [39m09/19/2025, 8:31:10 PM [32m    LOG[39m [38;5;3m[RouterExplorer] [39m[32mMapped {/dev-tools/settings, GET} route[39m[38;5;3m +0ms[39m
[32m[Nest] 25635  - [39m09/19/2025, 8:31:10 PM [32m    LOG[39m [38;5;3m[RoutesResolver] [39m[32mChallengeController {/challenge}:[39m[38;5;3m +0ms[39m
[32m[Nest] 25635  - [39m09/19/2025, 8:31:10 PM [32m    LOG[39m [38;5;3m[RouterExplorer] [39m[32mMapped {/challenge/user-status, GET} route[39m[38;5;3m +0ms[39m
[32m[Nest] 25635  - [39m09/19/2025, 8:31:10 PM [32m    LOG[39m [38;5;3m[RoutesResolver] [39m[32mGameHistoryController {/game-history}:[39m[38;5;3m +0ms[39m
[32m[Nest] 25635  - [39m09/19/2025, 8:31:10 PM [32m    LOG[39m [38;5;3m[RouterExplorer] [39m[32mMapped {/game-history, GET} route[39m[38;5;3m +0ms[39m
[32m[Nest] 25635  - [39m09/19/2025, 8:31:10 PM [32m    LOG[39m [38;5;3m[RouterExplorer] [39m[32mMapped {/game-history, POST} route[39m[38;5;3m +0ms[39m
[32m[Nest] 25635  - [39m09/19/2025, 8:31:10 PM [32m    LOG[39m [38;5;3m[RoutesResolver] [39m[32mLobbyController {/lobby}:[39m[38;5;3m +0ms[39m
[32m[Nest] 25635  - [39m09/19/2025, 8:31:10 PM [32m    LOG[39m [38;5;3m[RouterExplorer] [39m[32mMapped {/lobby, GET} route[39m[38;5;3m +0ms[39m
[32m[Nest] 25635  - [39m09/19/2025, 8:31:10 PM [32m    LOG[39m [38;5;3m[RoutesResolver] [39m[32mAdminController {/admin}:[39m[38;5;3m +1ms[39m
[32m[Nest] 25635  - [39m09/19/2025, 8:31:10 PM [32m    LOG[39m [38;5;3m[RouterExplorer] [39m[32mMapped {/admin/stats, GET} route[39m[38;5;3m +0ms[39m
[32m[Nest] 25635  - [39m09/19/2025, 8:31:10 PM [32m    LOG[39m [38;5;3m[RoutesResolver] [39m[32mIAPController {/iap}:[39m[38;5;3m +0ms[39m
[32m[Nest] 25635  - [39m09/19/2025, 8:31:10 PM [32m    LOG[39m [38;5;3m[RouterExplorer] [39m[32mMapped {/iap/buy, POST} route[39m[38;5;3m +0ms[39m
[32m[Nest] 25635  - [39m09/19/2025, 8:31:10 PM [32m    LOG[39m [38;5;3m[DevToolsService] [39m[32m[DevTools] 데이터베이스에서 카드 로드 완료: 조커 47개, 행성 9개, 타로 10개[39m
[32m[Nest] 25635  - [39m09/19/2025, 8:31:10 PM [32m    LOG[39m [38;5;3m[RoomGateway] [39m[32m[RoomGateway] 글로벌 인스턴스 등록 완료[39m
[32m[Nest] 25635  - [39m09/19/2025, 8:31:10 PM [32m    LOG[39m [38;5;3m[RedisService] [39m[32mRedis client connected[39m
[32m[Nest] 25635  - [39m09/19/2025, 8:31:10 PM [32m    LOG[39m [38;5;3m[RedisService] [39m[32mRedis client ready[39m
Redis test value: hello
[SpecialCardManagerService] DB에서 카드 데이터 로드 시작...
[SpecialCardManagerService] 로드된 카드 1: {
  id: 'joker_1',
  name: '조커 A',
  descriptionKo: '다이아몬드로 득점 시마다 배수가 <color=red>+2</color> 된다.',
  descriptionEn: 'Drainage is + every time you score in diamonds +[basevalue]Will be.',
  descriptionId: 'Setiap kali mencetak dengan Diamonds, kelipatan bertambah +[basevalue].',
  price: 2,
  sprite: 0,
  type: 'Joker',
  basevalue: 0,
  increase: 0,
  decrease: 0,
  maxvalue: 0,
  need_card_count: 0,
  enhanceChips: 0,
  enhanceMul: 0,
  isActive: true,
  ConditionTypes: [ 0 ],
  ConditionValues: [ [ 'Diamonds' ] ],
  ConditionOperators: [ 4 ],
  ConditionNumericValues: [ '1' ],
  EffectTimings: [ 'OnScoring' ],
  EffectTypes: [ 0 ],
  EffectTypesOrigin: [ 0 ],
  EffectValues: [ [ '2', '' ] ],
  EffectOnCards: [ false ]
}
[SpecialCardManagerService] DB에서 66개의 카드 데이터를 로드하여 메모리를 업데이트했습니다.
[SpecialCardManagerService] 활성 카드 통계 - 조커: 46개, 행성: 9개, 타로: 10개
[AppService] 카드 데이터 로드 완료
[32m[Nest] 25635  - [39m09/19/2025, 8:31:10 PM [32m    LOG[39m [38;5;3m[ChallengeManagerService] [39m[32m[ChallengeManagerService] 챌린지 초기화 시작...[39m
[32m[Nest] 25635  - [39m09/19/2025, 8:31:10 PM [32m    LOG[39m [38;5;3m[ChallengeManagerService] [39m[32m[ChallengeManagerService] DB에서 챌린지 데이터 로드 시작...[39m
[32m[Nest] 25635  - [39m09/19/2025, 8:31:10 PM [32m    LOG[39m [38;5;3m[ChallengeManagerService] [39m[32m[ChallengeManagerService] DB에서 1개의 챌린지 데이터를 로드하여 메모리를 업데이트했습니다.[39m
[32m[Nest] 25635  - [39m09/19/2025, 8:31:10 PM [32m    LOG[39m [38;5;3m[ChallengeManagerService] [39m[32m[ChallengeManagerService] 챌린지 초기화 완료[39m
[AppService] 챌린지 데이터 초기화 완료
[32m[Nest] 25635  - [39m09/19/2025, 8:31:10 PM [32m    LOG[39m [38;5;3m[NestApplication] [39m[32mNest application successfully started[39m[38;5;3m +0ms[39m
[31m[Nest] 25635  - [39m09/19/2025, 8:31:10 PM [31m  ERROR[39m [38;5;3m[NestApplication] [39m[31mError: listen EADDRINUSE: address already in use :::3000[39m[38;5;3m +1ms[39m
[31m[Nest] 25635  - [39m09/19/2025, 8:31:10 PM [31m  ERROR[39m [38;5;3m[Bootstrap] [39m[31mFailed to start Balatro Online Backend[39m
Error: listen EADDRINUSE: address already in use :::3000
    at Server.setupListenHandle [as _listen2] (node:net:1937:16)
    at listenInCluster (node:net:1994:12)
    at Server.listen (node:net:2099:7)
    at ExpressAdapter.listen (/Users/hundrill/compass/BalatroOnlineBackend/node_modules/@nestjs/platform-express/adapters/express-adapter.js:127:32)
    at /Users/hundrill/compass/BalatroOnlineBackend/node_modules/@nestjs/core/nest-application.js:188:30
    at new Promise (<anonymous>)
    at NestApplication.listen (/Users/hundrill/compass/BalatroOnlineBackend/node_modules/@nestjs/core/nest-application.js:178:16)
    at async bootstrap (/Users/hundrill/compass/BalatroOnlineBackend/src/main.ts:22:5)
[2J[3J[H[[90m8:31:15 PM[0m] File change detected. Starting incremental compilation...

[96msrc/challenge/challenge.controller.ts[0m:[93m21[0m:[93m34[0m - [91merror[0m[90m TS7006: [0mParameter 'req' implicitly has an 'any' type.

[7m21[0m     async getUserChallengeStatus(@Request() req): Promise<ChallengeStatusResponse> {
[7m  [0m [91m                                 ~~~~~~~~~~~~~~[0m

[[90m8:31:15 PM[0m] Found 1 error. Watching for file changes.

